2022-12-02 11:56:06,841 [INFO] com.travel.OnlineTravelSprint1Application [restartedMain] Starting OnlineTravelSprint1Application using Java 17.0.4.1 on inlen8520081481 with PID 6392 (C:\Users\srirak\Documents\workspace-spring-tool-suite-4-4.16.0.RELEASE\Online travel booking system\OnlineTravel_Sprint1\bin\main started by srirak in C:\Users\srirak\Documents\workspace-spring-tool-suite-4-4.16.0.RELEASE\Online travel booking system\OnlineTravel_Sprint1)
2022-12-02 11:56:06,848 [INFO] com.travel.OnlineTravelSprint1Application [restartedMain] No active profile set, falling back to 1 default profile: "default"
2022-12-02 11:56:06,905 [INFO] org.springframework.boot.devtools.env.DevToolsPropertyDefaultsPostProcessor [restartedMain] Devtools property defaults active! Set 'spring.devtools.add-properties' to 'false' to disable
2022-12-02 11:56:06,905 [INFO] org.springframework.boot.devtools.env.DevToolsPropertyDefaultsPostProcessor [restartedMain] For additional web related logging consider setting the 'logging.level.web' property to 'DEBUG'
2022-12-02 11:56:07,667 [INFO] org.springframework.data.repository.config.RepositoryConfigurationDelegate [restartedMain] Bootstrapping Spring Data JPA repositories in DEFAULT mode.
2022-12-02 11:56:07,735 [INFO] org.springframework.data.repository.config.RepositoryConfigurationDelegate [restartedMain] Finished Spring Data repository scanning in 53 ms. Found 1 JPA repository interfaces.
2022-12-02 11:56:08,528 [INFO] org.springframework.boot.web.embedded.tomcat.TomcatWebServer [restartedMain] Tomcat initialized with port(s): 8012 (http)
2022-12-02 11:56:08,540 [INFO] org.apache.catalina.core.StandardService [restartedMain] Starting service [Tomcat]
2022-12-02 11:56:08,540 [INFO] org.apache.catalina.core.StandardEngine [restartedMain] Starting Servlet engine: [Apache Tomcat/9.0.68]
2022-12-02 11:56:08,625 [INFO] org.apache.catalina.core.ContainerBase.[Tomcat].[localhost].[/] [restartedMain] Initializing Spring embedded WebApplicationContext
2022-12-02 11:56:08,625 [INFO] org.springframework.boot.web.servlet.context.ServletWebServerApplicationContext [restartedMain] Root WebApplicationContext: initialization completed in 1719 ms
2022-12-02 11:56:08,805 [INFO] org.hibernate.jpa.internal.util.LogHelper [restartedMain] HHH000204: Processing PersistenceUnitInfo [name: default]
2022-12-02 11:56:08,869 [INFO] org.hibernate.Version [restartedMain] HHH000412: Hibernate ORM core version 5.6.12.Final
2022-12-02 11:56:09,080 [INFO] org.hibernate.annotations.common.Version [restartedMain] HCANN000001: Hibernate Commons Annotations {5.1.2.Final}
2022-12-02 11:56:09,206 [INFO] com.zaxxer.hikari.HikariDataSource [restartedMain] HikariPool-1 - Starting...
2022-12-02 11:56:09,427 [INFO] com.zaxxer.hikari.HikariDataSource [restartedMain] HikariPool-1 - Start completed.
2022-12-02 11:56:09,447 [INFO] org.hibernate.dialect.Dialect [restartedMain] HHH000400: Using dialect: org.hibernate.dialect.PostgreSQLDialect
2022-12-02 11:56:10,091 [INFO] org.hibernate.engine.transaction.jta.platform.internal.JtaPlatformInitiator [restartedMain] HHH000490: Using JtaPlatform implementation: [org.hibernate.engine.transaction.jta.platform.internal.NoJtaPlatform]
2022-12-02 11:56:10,099 [INFO] org.springframework.orm.jpa.LocalContainerEntityManagerFactoryBean [restartedMain] Initialized JPA EntityManagerFactory for persistence unit 'default'
2022-12-02 11:56:10,622 [WARN] org.springframework.boot.autoconfigure.orm.jpa.JpaBaseConfiguration$JpaWebConfiguration [restartedMain] spring.jpa.open-in-view is enabled by default. Therefore, database queries may be performed during view rendering. Explicitly configure spring.jpa.open-in-view to disable this warning
2022-12-02 11:56:10,969 [INFO] org.springframework.boot.devtools.autoconfigure.OptionalLiveReloadServer [restartedMain] LiveReload server is running on port 35729
2022-12-02 11:56:11,011 [INFO] org.springframework.boot.web.embedded.tomcat.TomcatWebServer [restartedMain] Tomcat started on port(s): 8012 (http) with context path ''
2022-12-02 11:56:11,025 [INFO] com.travel.OnlineTravelSprint1Application [restartedMain] Started OnlineTravelSprint1Application in 4.651 seconds (JVM running for 5.233)
2022-12-02 11:56:16,884 [INFO] org.apache.catalina.core.ContainerBase.[Tomcat].[localhost].[/] [http-nio-8012-exec-1] Initializing Spring DispatcherServlet 'dispatcherServlet'
2022-12-02 11:56:16,886 [INFO] org.springframework.web.servlet.DispatcherServlet [http-nio-8012-exec-1] Initializing Servlet 'dispatcherServlet'
2022-12-02 11:56:16,890 [INFO] org.springframework.web.servlet.DispatcherServlet [http-nio-8012-exec-1] Completed initialization in 3 ms
2022-12-02 12:21:29,634 [INFO] com.travel.service.ProfileServiceImplTest [main] Starting ProfileServiceImplTest using Java 17.0.4.1 on inlen8520081481 with PID 18200 (started by srirak in C:\Users\srirak\Documents\workspace-spring-tool-suite-4-4.16.0.RELEASE\Online travel booking system\OnlineTravel_Sprint1)
2022-12-02 12:21:29,635 [INFO] com.travel.service.ProfileServiceImplTest [main] No active profile set, falling back to 1 default profile: "default"
2022-12-02 12:21:30,280 [INFO] org.springframework.data.repository.config.RepositoryConfigurationDelegate [main] Bootstrapping Spring Data JPA repositories in DEFAULT mode.
2022-12-02 12:21:30,348 [INFO] org.springframework.data.repository.config.RepositoryConfigurationDelegate [main] Finished Spring Data repository scanning in 55 ms. Found 1 JPA repository interfaces.
2022-12-02 12:21:30,885 [INFO] org.hibernate.jpa.internal.util.LogHelper [main] HHH000204: Processing PersistenceUnitInfo [name: default]
2022-12-02 12:21:30,940 [INFO] org.hibernate.Version [main] HHH000412: Hibernate ORM core version 5.6.12.Final
2022-12-02 12:21:31,103 [INFO] org.hibernate.annotations.common.Version [main] HCANN000001: Hibernate Commons Annotations {5.1.2.Final}
2022-12-02 12:21:31,285 [INFO] com.zaxxer.hikari.HikariDataSource [main] HikariPool-1 - Starting...
2022-12-02 12:21:31,496 [INFO] com.zaxxer.hikari.HikariDataSource [main] HikariPool-1 - Start completed.
2022-12-02 12:21:31,515 [INFO] org.hibernate.dialect.Dialect [main] HHH000400: Using dialect: org.hibernate.dialect.PostgreSQLDialect
2022-12-02 12:21:32,214 [INFO] org.hibernate.engine.transaction.jta.platform.internal.JtaPlatformInitiator [main] HHH000490: Using JtaPlatform implementation: [org.hibernate.engine.transaction.jta.platform.internal.NoJtaPlatform]
2022-12-02 12:21:32,221 [INFO] org.springframework.orm.jpa.LocalContainerEntityManagerFactoryBean [main] Initialized JPA EntityManagerFactory for persistence unit 'default'
2022-12-02 12:21:32,969 [WARN] org.springframework.boot.autoconfigure.orm.jpa.JpaBaseConfiguration$JpaWebConfiguration [main] spring.jpa.open-in-view is enabled by default. Therefore, database queries may be performed during view rendering. Explicitly configure spring.jpa.open-in-view to disable this warning
2022-12-02 12:21:33,640 [INFO] com.travel.service.ProfileServiceImplTest [main] Started ProfileServiceImplTest in 4.36 seconds (JVM running for 5.548)
2022-12-02 12:21:34,046 [INFO] org.springframework.orm.jpa.LocalContainerEntityManagerFactoryBean [SpringApplicationShutdownHook] Closing JPA EntityManagerFactory for persistence unit 'default'
2022-12-02 12:21:34,048 [INFO] com.zaxxer.hikari.HikariDataSource [SpringApplicationShutdownHook] HikariPool-1 - Shutdown initiated...
2022-12-02 12:21:34,061 [INFO] com.zaxxer.hikari.HikariDataSource [SpringApplicationShutdownHook] HikariPool-1 - Shutdown completed.
2022-12-02 12:23:03,577 [INFO] com.travel.service.ProfileServiceImplTest [main] Starting ProfileServiceImplTest using Java 17.0.4.1 on inlen8520081481 with PID 20156 (started by srirak in C:\Users\srirak\Documents\workspace-spring-tool-suite-4-4.16.0.RELEASE\Online travel booking system\OnlineTravel_Sprint1)
2022-12-02 12:23:03,578 [INFO] com.travel.service.ProfileServiceImplTest [main] No active profile set, falling back to 1 default profile: "default"
2022-12-02 12:23:04,171 [INFO] org.springframework.data.repository.config.RepositoryConfigurationDelegate [main] Bootstrapping Spring Data JPA repositories in DEFAULT mode.
2022-12-02 12:23:04,234 [INFO] org.springframework.data.repository.config.RepositoryConfigurationDelegate [main] Finished Spring Data repository scanning in 51 ms. Found 1 JPA repository interfaces.
2022-12-02 12:23:04,801 [INFO] org.hibernate.jpa.internal.util.LogHelper [main] HHH000204: Processing PersistenceUnitInfo [name: default]
2022-12-02 12:23:04,849 [INFO] org.hibernate.Version [main] HHH000412: Hibernate ORM core version 5.6.12.Final
2022-12-02 12:23:04,999 [INFO] org.hibernate.annotations.common.Version [main] HCANN000001: Hibernate Commons Annotations {5.1.2.Final}
2022-12-02 12:23:05,174 [INFO] com.zaxxer.hikari.HikariDataSource [main] HikariPool-1 - Starting...
2022-12-02 12:23:05,397 [INFO] com.zaxxer.hikari.HikariDataSource [main] HikariPool-1 - Start completed.
2022-12-02 12:23:05,417 [INFO] org.hibernate.dialect.Dialect [main] HHH000400: Using dialect: org.hibernate.dialect.PostgreSQLDialect
2022-12-02 12:23:06,078 [INFO] org.hibernate.engine.transaction.jta.platform.internal.JtaPlatformInitiator [main] HHH000490: Using JtaPlatform implementation: [org.hibernate.engine.transaction.jta.platform.internal.NoJtaPlatform]
2022-12-02 12:23:06,087 [INFO] org.springframework.orm.jpa.LocalContainerEntityManagerFactoryBean [main] Initialized JPA EntityManagerFactory for persistence unit 'default'
2022-12-02 12:23:06,885 [WARN] org.springframework.boot.autoconfigure.orm.jpa.JpaBaseConfiguration$JpaWebConfiguration [main] spring.jpa.open-in-view is enabled by default. Therefore, database queries may be performed during view rendering. Explicitly configure spring.jpa.open-in-view to disable this warning
2022-12-02 12:23:07,590 [INFO] com.travel.service.ProfileServiceImplTest [main] Started ProfileServiceImplTest in 4.347 seconds (JVM running for 5.424)
2022-12-02 12:23:08,005 [INFO] org.springframework.orm.jpa.LocalContainerEntityManagerFactoryBean [SpringApplicationShutdownHook] Closing JPA EntityManagerFactory for persistence unit 'default'
2022-12-02 12:23:08,007 [INFO] com.zaxxer.hikari.HikariDataSource [SpringApplicationShutdownHook] HikariPool-1 - Shutdown initiated...
2022-12-02 12:23:08,019 [INFO] com.zaxxer.hikari.HikariDataSource [SpringApplicationShutdownHook] HikariPool-1 - Shutdown completed.
2022-12-02 12:24:59,880 [INFO] com.travel.service.ProfileServiceImplTest [main] Starting ProfileServiceImplTest using Java 17.0.4.1 on inlen8520081481 with PID 21588 (started by srirak in C:\Users\srirak\Documents\workspace-spring-tool-suite-4-4.16.0.RELEASE\Online travel booking system\OnlineTravel_Sprint1)
2022-12-02 12:24:59,881 [INFO] com.travel.service.ProfileServiceImplTest [main] No active profile set, falling back to 1 default profile: "default"
2022-12-02 12:25:00,557 [INFO] org.springframework.data.repository.config.RepositoryConfigurationDelegate [main] Bootstrapping Spring Data JPA repositories in DEFAULT mode.
2022-12-02 12:25:00,615 [INFO] org.springframework.data.repository.config.RepositoryConfigurationDelegate [main] Finished Spring Data repository scanning in 47 ms. Found 1 JPA repository interfaces.
2022-12-02 12:25:01,154 [INFO] org.hibernate.jpa.internal.util.LogHelper [main] HHH000204: Processing PersistenceUnitInfo [name: default]
2022-12-02 12:25:01,221 [INFO] org.hibernate.Version [main] HHH000412: Hibernate ORM core version 5.6.12.Final
2022-12-02 12:25:01,373 [INFO] org.hibernate.annotations.common.Version [main] HCANN000001: Hibernate Commons Annotations {5.1.2.Final}
2022-12-02 12:25:01,540 [INFO] com.zaxxer.hikari.HikariDataSource [main] HikariPool-1 - Starting...
2022-12-02 12:25:01,752 [INFO] com.zaxxer.hikari.HikariDataSource [main] HikariPool-1 - Start completed.
2022-12-02 12:25:01,771 [INFO] org.hibernate.dialect.Dialect [main] HHH000400: Using dialect: org.hibernate.dialect.PostgreSQLDialect
2022-12-02 12:25:02,404 [INFO] org.hibernate.engine.transaction.jta.platform.internal.JtaPlatformInitiator [main] HHH000490: Using JtaPlatform implementation: [org.hibernate.engine.transaction.jta.platform.internal.NoJtaPlatform]
2022-12-02 12:25:02,414 [INFO] org.springframework.orm.jpa.LocalContainerEntityManagerFactoryBean [main] Initialized JPA EntityManagerFactory for persistence unit 'default'
2022-12-02 12:25:03,248 [WARN] org.springframework.boot.autoconfigure.orm.jpa.JpaBaseConfiguration$JpaWebConfiguration [main] spring.jpa.open-in-view is enabled by default. Therefore, database queries may be performed during view rendering. Explicitly configure spring.jpa.open-in-view to disable this warning
2022-12-02 12:25:03,878 [INFO] com.travel.service.ProfileServiceImplTest [main] Started ProfileServiceImplTest in 4.323 seconds (JVM running for 5.376)
2022-12-02 12:25:04,237 [INFO] org.springframework.orm.jpa.LocalContainerEntityManagerFactoryBean [SpringApplicationShutdownHook] Closing JPA EntityManagerFactory for persistence unit 'default'
2022-12-02 12:25:04,240 [INFO] com.zaxxer.hikari.HikariDataSource [SpringApplicationShutdownHook] HikariPool-1 - Shutdown initiated...
2022-12-02 12:25:04,248 [INFO] com.zaxxer.hikari.HikariDataSource [SpringApplicationShutdownHook] HikariPool-1 - Shutdown completed.
